#
# There is insufficient memory for the Java Runtime Environment to continue.
# Native memory allocation (malloc) failed to allocate 378976 bytes for Chunk::new
# Possible reasons:
#   The system is out of physical RAM or swap space
#   In 32 bit mode, the process size limit was hit
# Possible solutions:
#   Reduce memory load on the system
#   Increase physical memory or swap space
#   Check if swap backing store is full
#   Use 64 bit Java on a 64 bit OS
#   Decrease Java heap size (-Xmx/-Xms)
#   Decrease number of Java threads
#   Decrease Java thread stack sizes (-Xss)
#   Set larger code cache with -XX:ReservedCodeCacheSize=
# This output file may be truncated or incomplete.
#
#  Out of Memory Error (allocation.cpp:390), pid=12100, tid=0x00000000000000f8
#
# JRE version: OpenJDK Runtime Environment (8.0_112-b06) (build 1.8.0_112-release-b06)
# Java VM: OpenJDK 64-Bit Server VM (25.112-b06 mixed mode windows-amd64 compressed oops)
# Failed to write core dump. Minidumps are not enabled by default on client versions of Windows
#

---------------  T H R E A D  ---------------

Current thread (0x0000000018a78000):  JavaThread "C2 CompilerThread1" daemon [_thread_in_native, id=248, stack(0x0000000019280000,0x0000000019380000)]

Stack: [0x0000000019280000,0x0000000019380000]
[error occurred during error reporting (printing stack bounds), id 0xc0000005]

Native frames: (J=compiled Java code, j=interpreted, Vv=VM code, C=native code)


Current CompileTask:
C2:1202811 9427   !   4       com.sun.org.apache.xerces.internal.impl.XMLScanner::scanCharReferenceValue (716 bytes)


---------------  P R O C E S S  ---------------

Java Threads: ( => current thread )
  0x0000000019e23800 JavaThread "Stdin handler" [_thread_blocked, id=10500, stack(0x0000000025010000,0x0000000025110000)]
  0x0000000019e1b800 JavaThread "Asynchronous log dispatcher for DefaultDaemonConnection: socket connection from /127.0.0.1:62785 to /127.0.0.1:64552" [_thread_blocked, id=12776, stack(0x0000000024f10000,0x0000000025010000)]
  0x0000000019e1f800 JavaThread "Daemon worker Thread 2" [_thread_in_native, id=9444, stack(0x0000000024e10000,0x0000000024f10000)]
  0x0000000019e22000 JavaThread "Cancel handler" [_thread_blocked, id=6276, stack(0x0000000024d10000,0x0000000024e10000)]
  0x0000000019e22800 JavaThread "Handler for socket connection from /127.0.0.1:62785 to /127.0.0.1:64552" [_thread_in_native, id=6336, stack(0x0000000024c10000,0x0000000024d10000)]
  0x0000000019e1a000 JavaThread "Daemon Thread 2" [_thread_blocked, id=7060, stack(0x0000000024b10000,0x0000000024c10000)]
  0x0000000019e20000 JavaThread "pool-4-thread-1" [_thread_blocked, id=8412, stack(0x0000000023910000,0x0000000023a10000)]
  0x000000001a708800 JavaThread "File lock request listener" [_thread_in_native, id=9620, stack(0x000000001f5d0000,0x000000001f6d0000)]
  0x000000001ae32800 JavaThread "pool-1-thread-1" [_thread_blocked, id=3144, stack(0x000000001c6f0000,0x000000001c7f0000)]
  0x000000001a4a2000 JavaThread "Incoming local TCP Connector on port 62785" [_thread_in_native, id=10852, stack(0x000000001c120000,0x000000001c220000)]
  0x0000000018aff000 JavaThread "Service Thread" daemon [_thread_blocked, id=12720, stack(0x0000000019580000,0x0000000019680000)]
  0x0000000016b1c000 JavaThread "C1 CompilerThread3" daemon [_thread_blocked, id=6292, stack(0x0000000019480000,0x0000000019580000)]
  0x0000000018a7b000 JavaThread "C2 CompilerThread2" daemon [_thread_in_native, id=4496, stack(0x0000000019380000,0x0000000019480000)]
=>0x0000000018a78000 JavaThread "C2 CompilerThread1" daemon [_thread_in_native, id=248, stack(0x0000000019280000,0x0000000019380000)]
  0x0000000018a71000 JavaThread "C2 CompilerThread0" daemon [_thread_blocked, id=11792, stack(0x0000000019180000,0x0000000019280000)]
  0x0000000018a70000 JavaThread "Attach Listener" daemon [_thread_blocked, id=8388, stack(0x0000000019080000,0x0000000019180000)]
  0x0000000018a6f800 JavaThread "Signal Dispatcher" daemon [_thread_blocked, id=3760, stack(0x0000000018f80000,0x0000000019080000)]
  0x0000000018a11800 JavaThread "Finalizer" daemon [_thread_blocked, id=12940, stack(0x0000000018df0000,0x0000000018ef0000)]
  0x0000000002d46000 JavaThread "Reference Handler" daemon [_thread_blocked, id=5652, stack(0x00000000188f0000,0x00000000189f0000)]
  0x0000000002b0e000 JavaThread "main" [_thread_blocked, id=3416, stack(0x0000000002b50000,0x0000000002c50000)]

Other Threads:
  0x0000000016b05800 VMThread [stack: 0x00000000187f0000,0x00000000188f0000] [id=7268]
  0x0000000018aff800 WatcherThread [stack: 0x0000000019680000,0x0000000019780000] [id=8404]

VM state:not at safepoint (normal execution)

VM Mutex/Monitor currently owned by a thread: None

Heap:
 PSYoungGen      total 131072K, used 54107K [0x00000000e0000000, 0x00000000e9700000, 0x0000000100000000)
  eden space 113664K, 39% used [0x00000000e0000000,0x00000000e2b58588,0x00000000e6f00000)
  from space 17408K, 55% used [0x00000000e8600000,0x00000000e8f7e848,0x00000000e9700000)
  to   space 20480K, 0% used [0x00000000e6f00000,0x00000000e6f00000,0x00000000e8300000)
 ParOldGen       total 145920K, used 33971K [0x00000000a0000000, 0x00000000a8e80000, 0x00000000e0000000)
  object space 145920K, 23% used [0x00000000a0000000,0x00000000a212cd28,0x00000000a8e80000)
 Metaspace       used 63711K, capacity 65550K, committed 65920K, reserved 1105920K
  class space    used 8339K, capacity 8726K, committed 8832K, reserved 1048576K

Card table byte_map: [0x0000000012110000,0x0000000012420000] byte_map_base: 0x0000000011c10000

Marking Bits: (ParMarkBitMap*) 0x00000000562418f0
 Begin Bits: [0x0000000012e20000, 0x0000000014620000)
 End Bits:   [0x0000000014620000, 0x0000000015e20000)

Polling page: 0x00000000026c0000

CodeCache: size=245760Kb used=27108Kb max_used=27108Kb free=218651Kb
 bounds [0x0000000002d50000, 0x00000000047f0000, 0x0000000011d50000]
 total_blobs=8648 nmethods=7860 adapters=699
 compilation: enabled

Compilation events (10 events):
Event: 1202.334 Thread 0x0000000018a71000 9428       4       com.sun.org.apache.xerces.internal.utils.XMLLimitAnalyzer::addValue (243 bytes)
Event: 1202.334 Thread 0x0000000016b1c000 9429       3       com.sun.org.apache.xerces.internal.impl.XMLScanner::isInvalid (5 bytes)
Event: 1202.335 Thread 0x0000000016b1c000 nmethod 9429 0x00000000043db8d0 code [0x00000000043dba40, 0x00000000043dbc88]
Event: 1202.336 Thread 0x0000000016b1c000 9430       3       org.gradle.api.internal.artifacts.ivyservice.ivyresolve.parser.PomReader$PomDependencyMgtElement::getVersion (19 bytes)
Event: 1202.336 Thread 0x0000000018a7b000 9432       4       com.sun.org.apache.xerces.internal.dom.ParentNode::getChildNodes (13 bytes)
Event: 1202.337 Thread 0x0000000016b1c000 nmethod 9430 0x00000000043d6d10 code [0x00000000043d6f00, 0x00000000043d76e8]
Event: 1202.337 Thread 0x0000000016b1c000 9431       3       org.gradle.api.internal.artifacts.ivyservice.ivyresolve.parser.PomReader$PomDependencyMgtElement::getExcludedModules (132 bytes)
Event: 1202.339 Thread 0x0000000016b1c000 nmethod 9431 0x00000000043d4ad0 code [0x00000000043d4dc0, 0x00000000043d62d8]
Event: 1202.349 Thread 0x0000000018a7b000 nmethod 9432 0x00000000047d1fd0 code [0x00000000047d2160, 0x00000000047d2968]
Event: 1202.363 Thread 0x0000000018a71000 nmethod 9428 0x00000000047d63d0 code [0x00000000047d65e0, 0x00000000047d78d0]

GC Heap History (10 events):
Event: 38.752 GC heap before
{Heap before GC invocations=15 (full 2):
 PSYoungGen      total 81920K, used 81905K [0x00000000e0000000, 0x00000000e6080000, 0x0000000100000000)
  eden space 70656K, 100% used [0x00000000e0000000,0x00000000e4500000,0x00000000e4500000)
  from space 11264K, 99% used [0x00000000e5200000,0x00000000e5cfc548,0x00000000e5d00000)
  to   space 13312K, 0% used [0x00000000e4500000,0x00000000e4500000,0x00000000e5200000)
 ParOldGen       total 114688K, used 18402K [0x00000000a0000000, 0x00000000a7000000, 0x00000000e0000000)
  object space 114688K, 16% used [0x00000000a0000000,0x00000000a11f8840,0x00000000a7000000)
 Metaspace       used 50493K, capacity 52114K, committed 52352K, reserved 1093632K
  class space    used 6847K, capacity 7198K, committed 7296K, reserved 1048576K
Event: 38.765 GC heap after
Heap after GC invocations=15 (full 2):
 PSYoungGen      total 83968K, used 13300K [0x00000000e0000000, 0x00000000e7000000, 0x0000000100000000)
  eden space 70656K, 0% used [0x00000000e0000000,0x00000000e0000000,0x00000000e4500000)
  from space 13312K, 99% used [0x00000000e4500000,0x00000000e51fd368,0x00000000e5200000)
  to   space 16384K, 0% used [0x00000000e6000000,0x00000000e6000000,0x00000000e7000000)
 ParOldGen       total 114688K, used 22622K [0x00000000a0000000, 0x00000000a7000000, 0x00000000e0000000)
  object space 114688K, 19% used [0x00000000a0000000,0x00000000a16179d0,0x00000000a7000000)
 Metaspace       used 50493K, capacity 52114K, committed 52352K, reserved 1093632K
  class space    used 6847K, capacity 7198K, committed 7296K, reserved 1048576K
}
Event: 46.933 GC heap before
{Heap before GC invocations=16 (full 2):
 PSYoungGen      total 83968K, used 83956K [0x00000000e0000000, 0x00000000e7000000, 0x0000000100000000)
  eden space 70656K, 100% used [0x00000000e0000000,0x00000000e4500000,0x00000000e4500000)
  from space 13312K, 99% used [0x00000000e4500000,0x00000000e51fd368,0x00000000e5200000)
  to   space 16384K, 0% used [0x00000000e6000000,0x00000000e6000000,0x00000000e7000000)
 ParOldGen       total 114688K, used 22622K [0x00000000a0000000, 0x00000000a7000000, 0x00000000e0000000)
  object space 114688K, 19% used [0x00000000a0000000,0x00000000a16179d0,0x00000000a7000000)
 Metaspace       used 56911K, capacity 58552K, committed 58752K, reserved 1099776K
  class space    used 7626K, capacity 7981K, committed 8064K, reserved 1048576K
Event: 46.954 GC heap after
Heap after GC invocations=16 (full 2):
 PSYoungGen      total 95232K, used 16369K [0x00000000e0000000, 0x00000000e7580000, 0x0000000100000000)
  eden space 78848K, 0% used [0x00000000e0000000,0x00000000e0000000,0x00000000e4d00000)
  from space 16384K, 99% used [0x00000000e6000000,0x00000000e6ffc400,0x00000000e7000000)
  to   space 19456K, 0% used [0x00000000e4d00000,0x00000000e4d00000,0x00000000e6000000)
 ParOldGen       total 114688K, used 25451K [0x00000000a0000000, 0x00000000a7000000, 0x00000000e0000000)
  object space 114688K, 22% used [0x00000000a0000000,0x00000000a18daea8,0x00000000a7000000)
 Metaspace       used 56911K, capacity 58552K, committed 58752K, reserved 1099776K
  class space    used 7626K, capacity 7981K, committed 8064K, reserved 1048576K
}
Event: 47.103 GC heap before
{Heap before GC invocations=17 (full 2):
 PSYoungGen      total 95232K, used 21755K [0x00000000e0000000, 0x00000000e7580000, 0x0000000100000000)
  eden space 78848K, 6% used [0x00000000e0000000,0x00000000e0542a20,0x00000000e4d00000)
  from space 16384K, 99% used [0x00000000e6000000,0x00000000e6ffc400,0x00000000e7000000)
  to   space 19456K, 0% used [0x00000000e4d00000,0x00000000e4d00000,0x00000000e6000000)
 ParOldGen       total 114688K, used 25451K [0x00000000a0000000, 0x00000000a7000000, 0x00000000e0000000)
  object space 114688K, 22% used [0x00000000a0000000,0x00000000a18daea8,0x00000000a7000000)
 Metaspace       used 57304K, capacity 58982K, committed 59136K, reserved 1099776K
  class space    used 7680K, capacity 8080K, committed 8192K, reserved 1048576K
Event: 47.129 GC heap after
Heap after GC invocations=17 (full 2):
 PSYoungGen      total 98304K, used 16850K [0x00000000e0000000, 0x00000000e9b00000, 0x0000000100000000)
  eden space 78848K, 0% used [0x00000000e0000000,0x00000000e0000000,0x00000000e4d00000)
  from space 19456K, 86% used [0x00000000e4d00000,0x00000000e5d74960,0x00000000e6000000)
  to   space 21504K, 0% used [0x00000000e8600000,0x00000000e8600000,0x00000000e9b00000)
 ParOldGen       total 114688K, used 25451K [0x00000000a0000000, 0x00000000a7000000, 0x00000000e0000000)
  object space 114688K, 22% used [0x00000000a0000000,0x00000000a18daea8,0x00000000a7000000)
 Metaspace       used 57304K, capacity 58982K, committed 59136K, reserved 1099776K
  class space    used 7680K, capacity 8080K, committed 8192K, reserved 1048576K
}
Event: 47.129 GC heap before
{Heap before GC invocations=18 (full 3):
 PSYoungGen      total 98304K, used 16850K [0x00000000e0000000, 0x00000000e9b00000, 0x0000000100000000)
  eden space 78848K, 0% used [0x00000000e0000000,0x00000000e0000000,0x00000000e4d00000)
  from space 19456K, 86% used [0x00000000e4d00000,0x00000000e5d74960,0x00000000e6000000)
  to   space 21504K, 0% used [0x00000000e8600000,0x00000000e8600000,0x00000000e9b00000)
 ParOldGen       total 114688K, used 25451K [0x00000000a0000000, 0x00000000a7000000, 0x00000000e0000000)
  object space 114688K, 22% used [0x00000000a0000000,0x00000000a18daea8,0x00000000a7000000)
 Metaspace       used 57304K, capacity 58982K, committed 59136K, reserved 1099776K
  class space    used 7680K, capacity 8080K, committed 8192K, reserved 1048576K
Event: 47.427 GC heap after
Heap after GC invocations=18 (full 3):
 PSYoungGen      total 98304K, used 0K [0x00000000e0000000, 0x00000000e9b00000, 0x0000000100000000)
  eden space 78848K, 0% used [0x00000000e0000000,0x00000000e0000000,0x00000000e4d00000)
  from space 19456K, 0% used [0x00000000e4d00000,0x00000000e4d00000,0x00000000e6000000)
  to   space 21504K, 0% used [0x00000000e8600000,0x00000000e8600000,0x00000000e9b00000)
 ParOldGen       total 145920K, used 33955K [0x00000000a0000000, 0x00000000a8e80000, 0x00000000e0000000)
  object space 145920K, 23% used [0x00000000a0000000,0x00000000a2128d28,0x00000000a8e80000)
 Metaspace       used 57298K, capacity 58974K, committed 59136K, reserved 1099776K
  class space    used 7677K, capacity 8076K, committed 8192K, reserved 1048576K
}
Event: 50.471 GC heap before
{Heap before GC invocations=19 (full 3):
 PSYoungGen      total 98304K, used 78411K [0x00000000e0000000, 0x00000000e9b00000, 0x0000000100000000)
  eden space 78848K, 99% used [0x00000000e0000000,0x00000000e4c92ca8,0x00000000e4d00000)
  from space 19456K, 0% used [0x00000000e4d00000,0x00000000e4d00000,0x00000000e6000000)
  to   space 21504K, 0% used [0x00000000e8600000,0x00000000e8600000,0x00000000e9b00000)
 ParOldGen       total 145920K, used 33955K [0x00000000a0000000, 0x00000000a8e80000, 0x00000000e0000000)
  object space 145920K, 23% used [0x00000000a0000000,0x00000000a2128d28,0x00000000a8e80000)
 Metaspace       used 61638K, capacity 63474K, committed 63744K, reserved 1103872K
  class space    used 8176K, capacity 8576K, committed 8704K, reserved 1048576K
Event: 50.484 GC heap after
Heap after GC invocations=19 (full 3):
 PSYoungGen      total 131072K, used 9722K [0x00000000e0000000, 0x00000000e9700000, 0x0000000100000000)
  eden space 113664K, 0% used [0x00000000e0000000,0x00000000e0000000,0x00000000e6f00000)
  from space 17408K, 55% used [0x00000000e8600000,0x00000000e8f7e848,0x00000000e9700000)
  to   space 20480K, 0% used [0x00000000e6f00000,0x00000000e6f00000,0x00000000e8300000)
 ParOldGen       total 145920K, used 33971K [0x00000000a0000000, 0x00000000a8e80000, 0x00000000e0000000)
  object space 145920K, 23% used [0x00000000a0000000,0x00000000a212cd28,0x00000000a8e80000)
 Metaspace       used 61638K, capacity 63474K, committed 63744K, reserved 1103872K
  class space    used 8176K, capacity 8576K, committed 8704K, reserved 1048576K
}

Deoptimization events (10 events):
Event: 1201.276 Thread 0x0000000019e22800 Uncommon trap: reason=class_check action=maybe_recompile pc=0x000000000314661c method=java.lang.reflect.Array.newInstance(Ljava/lang/Class;I)Ljava/lang/Object; @ 2
Event: 1202.112 Thread 0x0000000019e1f800 Uncommon trap: reason=unstable_if action=reinterpret pc=0x00000000039269a4 method=java.io.WinNTFileSystem.parentOrNull(Ljava/lang/String;)Ljava/lang/String; @ 76
Event: 1202.129 Thread 0x0000000019e1f800 Uncommon trap: reason=class_check action=maybe_recompile pc=0x0000000003761784 method=com.google.common.cache.LocalCache$Segment.getLiveValue(Lcom/google/common/cache/LocalCache$ReferenceEntry;J)Ljava/lang/Object; @ 1
Event: 1202.150 Thread 0x0000000019e1f800 Uncommon trap: reason=class_check action=maybe_recompile pc=0x0000000002f116b0 method=com.google.common.cache.LocalCache$Segment.expireEntries(J)V @ 62
Event: 1202.170 Thread 0x0000000019e1f800 Uncommon trap: reason=class_check action=maybe_recompile pc=0x0000000003761784 method=com.google.common.cache.LocalCache$Segment.getLiveValue(Lcom/google/common/cache/LocalCache$ReferenceEntry;J)Ljava/lang/Object; @ 1
Event: 1202.170 Thread 0x0000000019e1f800 Uncommon trap: reason=class_check action=maybe_recompile pc=0x0000000002f116b0 method=com.google.common.cache.LocalCache$Segment.expireEntries(J)V @ 62
Event: 1202.170 Thread 0x0000000019e1f800 Uncommon trap: reason=class_check action=maybe_recompile pc=0x0000000003761784 method=com.google.common.cache.LocalCache$Segment.getLiveValue(Lcom/google/common/cache/LocalCache$ReferenceEntry;J)Ljava/lang/Object; @ 1
Event: 1202.171 Thread 0x0000000019e1f800 Uncommon trap: reason=class_check action=maybe_recompile pc=0x0000000003761784 method=com.google.common.cache.LocalCache$Segment.getLiveValue(Lcom/google/common/cache/LocalCache$ReferenceEntry;J)Ljava/lang/Object; @ 1
Event: 1202.171 Thread 0x0000000019e1f800 Uncommon trap: reason=class_check action=maybe_recompile pc=0x0000000002f116b0 method=com.google.common.cache.LocalCache$Segment.expireEntries(J)V @ 62
Event: 1202.172 Thread 0x0000000019e1f800 Uncommon trap: reason=class_check action=maybe_recompile pc=0x0000000002f116b0 method=com.google.common.cache.LocalCache$Segment.expireEntries(J)V @ 62

Internal exceptions (10 events):
Event: 48.767 Thread 0x0000000019e1e000 Exception <a 'java/lang/NoSuchMethodError': java.lang.Object.lambda$negate$1(Ljava/lang/Object;)Z> (0x00000000e3cab6a0) thrown at [C:\src\android\AOSP-openjdk\external\jetbrains\jdk\hotspot\src\share\vm\interpreter\linkResolver.cpp, line 582]
Event: 50.930 Thread 0x000000001ab19000 Exception <a 'sun/nio/fs/WindowsException'> (0x00000000e0db5c90) thrown at [C:\src\android\AOSP-openjdk\external\jetbrains\jdk\hotspot\src\share\vm\prims\jni.cpp, line 709]
Event: 51.043 Thread 0x000000001ae8d800 Exception <a 'java/lang/NoSuchMethodError': <clinit>> (0x00000000e16d8588) thrown at [C:\src\android\AOSP-openjdk\external\jetbrains\jdk\hotspot\src\share\vm\prims\jni.cpp, line 1613]
Event: 51.043 Thread 0x000000001ae8d800 Exception <a 'java/lang/NoSuchMethodError': <clinit>> (0x00000000e16d98b8) thrown at [C:\src\android\AOSP-openjdk\external\jetbrains\jdk\hotspot\src\share\vm\prims\jni.cpp, line 1613]
Event: 51.044 Thread 0x000000001ae8d800 Exception <a 'java/lang/NoSuchMethodError': <clinit>> (0x00000000e16e3a50) thrown at [C:\src\android\AOSP-openjdk\external\jetbrains\jdk\hotspot\src\share\vm\prims\jni.cpp, line 1613]
Event: 51.044 Thread 0x000000001ae8d800 Exception <a 'java/lang/NoSuchMethodError': <clinit>> (0x00000000e16ed180) thrown at [C:\src\android\AOSP-openjdk\external\jetbrains\jdk\hotspot\src\share\vm\prims\jni.cpp, line 1613]
Event: 51.045 Thread 0x000000001ae8d800 Exception <a 'java/lang/NoSuchMethodError': <clinit>> (0x00000000e16eeea0) thrown at [C:\src\android\AOSP-openjdk\external\jetbrains\jdk\hotspot\src\share\vm\prims\jni.cpp, line 1613]
Event: 51.047 Thread 0x000000001ae8e000 Exception <a 'java/lang/NoSuchMethodError': <clinit>> (0x00000000e17dcbb8) thrown at [C:\src\android\AOSP-openjdk\external\jetbrains\jdk\hotspot\src\share\vm\prims\jni.cpp, line 1613]
Event: 1202.103 Thread 0x0000000019e1f800 Exception <a 'java/lang/ClassNotFoundException': asLocalRepo24589_3eqe42clveie5jtscku9qc711BeanInfo> (0x00000000e28e4898) thrown at [C:\src\android\AOSP-openjdk\external\jetbrains\jdk\hotspot\src\share\vm\classfile\systemDictionary.cpp, line 210]
Event: 1202.103 Thread 0x0000000019e1f800 Exception <a 'java/lang/ClassNotFoundException': asLocalRepo24589_3eqe42clveie5jtscku9qc711Customizer> (0x00000000e28eff48) thrown at [C:\src\android\AOSP-openjdk\external\jetbrains\jdk\hotspot\src\share\vm\classfile\systemDictionary.cpp, line 210]

Events (10 events):
Event: 1202.171 Thread 0x0000000019e1f800 Uncommon trap: trap_request=0xffffffde fr.pc=0x0000000002f116b0
Event: 1202.171 Thread 0x0000000019e1f800 DEOPT PACKING pc=0x0000000002f116b0 sp=0x0000000024f0c7c0
Event: 1202.172 Thread 0x0000000019e1f800 DEOPT UNPACKING pc=0x0000000002d9556a sp=0x0000000024f0c708 mode 2
Event: 1202.172 Thread 0x0000000019e1f800 Uncommon trap: trap_request=0xffffffde fr.pc=0x0000000002f116b0
Event: 1202.172 Thread 0x0000000019e1f800 DEOPT PACKING pc=0x0000000002f116b0 sp=0x0000000024f0c560
Event: 1202.172 Thread 0x0000000019e1f800 DEOPT UNPACKING pc=0x0000000002d9556a sp=0x0000000024f0c4a8 mode 2
Event: 1202.186 Executing VM operation: RevokeBias
Event: 1202.186 Executing VM operation: RevokeBias done
Event: 1202.331 Executing VM operation: RevokeBias
Event: 1202.331 Executing VM operation: RevokeBias done


Dynamic libraries:
0x00007ff64c880000 - 0x00007ff64c8b1000 	C:\Program Files\Android\Android Studio\jre\bin\java.exe
0x00007ff90c700000 - 0x00007ff90c8d1000 	C:\WINDOWS\SYSTEM32\ntdll.dll
0x00007ff90be60000 - 0x00007ff90bf0c000 	C:\WINDOWS\System32\KERNEL32.DLL
0x00007ff909a00000 - 0x00007ff909c1d000 	C:\WINDOWS\System32\KERNELBASE.dll
0x00007ff90b640000 - 0x00007ff90b6e2000 	C:\WINDOWS\System32\ADVAPI32.dll
0x00007ff90b7e0000 - 0x00007ff90b87e000 	C:\WINDOWS\System32\msvcrt.dll
0x00007ff90be00000 - 0x00007ff90be59000 	C:\WINDOWS\System32\sechost.dll
0x00007ff90c360000 - 0x00007ff90c481000 	C:\WINDOWS\System32\RPCRT4.dll
0x00007ff90b9e0000 - 0x00007ff90bb45000 	C:\WINDOWS\System32\USER32.dll
0x00007ff908d90000 - 0x00007ff908dae000 	C:\WINDOWS\System32\win32u.dll
0x00007ff909fb0000 - 0x00007ff909fe4000 	C:\WINDOWS\System32\GDI32.dll
0x00007ff908e10000 - 0x00007ff908f90000 	C:\WINDOWS\System32\gdi32full.dll
0x00007ff8fdf50000 - 0x00007ff8fe1ca000 	C:\WINDOWS\WinSxS\amd64_microsoft.windows.common-controls_6595b64144ccf1df_6.0.14393.953_none_42151e83c686086b\COMCTL32.dll
0x00007ff909c70000 - 0x00007ff909f38000 	C:\WINDOWS\System32\combase.dll
0x00007ff908c90000 - 0x00007ff908d85000 	C:\WINDOWS\System32\ucrtbase.dll
0x00007ff909990000 - 0x00007ff9099fa000 	C:\WINDOWS\System32\bcryptPrimitives.dll
0x00007ff90b7b0000 - 0x00007ff90b7de000 	C:\WINDOWS\System32\IMM32.DLL
0x00000000559a0000 - 0x0000000055a72000 	C:\Program Files\Android\Android Studio\jre\jre\bin\msvcr100.dll
0x0000000055a80000 - 0x00000000562bc000 	C:\Program Files\Android\Android Studio\jre\jre\bin\server\jvm.dll
0x00007ff90c620000 - 0x00007ff90c628000 	C:\WINDOWS\System32\PSAPI.DLL
0x00007ff900d10000 - 0x00007ff900d19000 	C:\WINDOWS\SYSTEM32\WSOCK32.dll
0x00007ff907050000 - 0x00007ff907073000 	C:\WINDOWS\SYSTEM32\WINMM.dll
0x00007ff900ca0000 - 0x00007ff900caa000 	C:\WINDOWS\SYSTEM32\VERSION.dll
0x00007ff90c690000 - 0x00007ff90c6fa000 	C:\WINDOWS\System32\WS2_32.dll
0x0000000002aa0000 - 0x0000000002acb000 	C:\WINDOWS\SYSTEM32\WINMMBASE.dll
0x00007ff909c20000 - 0x00007ff909c62000 	C:\WINDOWS\System32\cfgmgr32.dll
0x00007ff8f49c0000 - 0x00007ff8f49cf000 	C:\Program Files\Android\Android Studio\jre\jre\bin\verify.dll
0x00007ff8df8d0000 - 0x00007ff8df8f9000 	C:\Program Files\Android\Android Studio\jre\jre\bin\java.dll
0x00007ff8ea290000 - 0x00007ff8ea2a6000 	C:\Program Files\Android\Android Studio\jre\jre\bin\zip.dll
0x00007ff90a130000 - 0x00007ff90b638000 	C:\WINDOWS\System32\SHELL32.dll
0x00007ff909030000 - 0x00007ff90970a000 	C:\WINDOWS\System32\windows.storage.dll
0x00007ff908b60000 - 0x00007ff908bac000 	C:\WINDOWS\System32\powrprof.dll
0x00007ff909f40000 - 0x00007ff909f92000 	C:\WINDOWS\System32\shlwapi.dll
0x00007ff908b50000 - 0x00007ff908b5f000 	C:\WINDOWS\System32\kernel.appcore.dll
0x00007ff908be0000 - 0x00007ff908c89000 	C:\WINDOWS\System32\shcore.dll
0x00007ff908bb0000 - 0x00007ff908bc4000 	C:\WINDOWS\System32\profapi.dll
0x00007ff8e5870000 - 0x00007ff8e588a000 	C:\Program Files\Android\Android Studio\jre\jre\bin\net.dll
0x00007ff908420000 - 0x00007ff90847c000 	C:\WINDOWS\system32\mswsock.dll
0x00007ff8e2d50000 - 0x00007ff8e2d61000 	C:\Program Files\Android\Android Studio\jre\jre\bin\nio.dll
0x00007ff8e1780000 - 0x00007ff8e179e000 	C:\Users\kamadayuji\.gradle\native\23\windows-amd64\native-platform.dll
0x00007ff9085c0000 - 0x00007ff9085d7000 	C:\WINDOWS\SYSTEM32\CRYPTSP.dll
0x00007ff908020000 - 0x00007ff908053000 	C:\WINDOWS\system32\rsaenh.dll
0x00007ff908a80000 - 0x00007ff908aab000 	C:\WINDOWS\SYSTEM32\bcrypt.dll
0x00007ff9082a0000 - 0x00007ff9082bf000 	C:\WINDOWS\SYSTEM32\USERENV.dll
0x00007ff908ab0000 - 0x00007ff908abb000 	C:\WINDOWS\SYSTEM32\CRYPTBASE.dll
0x00007ff9081a0000 - 0x00007ff9081d8000 	C:\WINDOWS\SYSTEM32\IPHLPAPI.DLL
0x00007ff90c490000 - 0x00007ff90c498000 	C:\WINDOWS\System32\NSI.dll
0x00007ff903a90000 - 0x00007ff903aa6000 	C:\WINDOWS\SYSTEM32\dhcpcsvc6.DLL
0x00007ff903a70000 - 0x00007ff903a8a000 	C:\WINDOWS\SYSTEM32\dhcpcsvc.DLL
0x00007ff8f4550000 - 0x00007ff8f455d000 	C:\Program Files\Android\Android Studio\jre\jre\bin\management.dll
0x00007ff8e17a0000 - 0x00007ff8e17c4000 	C:\Program Files\Android\Android Studio\jre\jre\bin\sunec.dll
0x00007ff8f2cf0000 - 0x00007ff8f2cfb000 	C:\Program Files\Android\Android Studio\jre\jre\bin\sunmscapi.dll
0x00007ff9097c0000 - 0x00007ff909989000 	C:\WINDOWS\System32\CRYPT32.dll
0x00007ff908bd0000 - 0x00007ff908be0000 	C:\WINDOWS\System32\MSASN1.dll

VM Arguments:
jvm_args: -Xmx1536m -Dfile.encoding=windows-31j -Duser.country=JP -Duser.language=ja -Duser.variant 
java_command: org.gradle.launcher.daemon.bootstrap.GradleDaemon 3.3
java_class_path (initial): C:\Users\kamadayuji\.gradle\wrapper\dists\gradle-3.3-all\55gk2rcmfc6p2dg9u9ohc3hw9\gradle-3.3\lib\gradle-launcher-3.3.jar
Launcher Type: SUN_STANDARD

Environment Variables:
PATH=C:\Program Files\Microsoft MPI\Bin\;C:\ProgramData\Oracle\Java\javapath;C:\Program Files\Common Files\Microsoft Shared\Windows Live;C:\Program Files (x86)\Common Files\Microsoft Shared\Windows Live;C:\WINDOWS\system32;C:\WINDOWS;C:\WINDOWS\System32\Wbem;C:\WINDOWS\System32\WindowsPowerShell\v1.0\;C:\Program Files (x86)\Windows Live\Shared;C:\Program Files\Intel\WiFi\bin\;C:\Program Files\Common Files\Intel\WirelessCommon\;c:\Program Files (x86)\Common Files\Ulead Systems\MPEG;C:\Program Files (x86)\Common Files\Roxio Shared\OEM\DLLShared\;C:\Program Files (x86)\Common Files\Roxio Shared\OEM\12.0\DLLShared\;C:\Program Files (x86)\Roxio 2010\OEM\AudioCore\;C:\Program Files\Microsoft SQL Server\110\Tools\Binn\;C:\Program Files (x86)\Microsoft SDKs\TypeScript\1.0\;C:\Program Files\Microsoft SQL Server\120\Tools\Binn\;C:\Program Files (x86)\Skype\Phone\;C:\dev\opencv-3.1.0\build\x64\vc14\bin;C:\w32tex\bin;C:\Program Files\Microsoft SQL Server\130\Tools\Binn\;C:\Program Files\dotnet\;C:\Program Files\Anaconda3;C:\Program Files\Anaconda3\Scripts;C:\Program Files\Anaconda3\Library\bin;C:\Program Files\Git\cmd;C:\Program Files (x86)\GtkSharp\2.12\bin;C:\WINDOWS\system32\config\systemprofile\.dnx\bin;C:\Program Files\Microsoft DNX\Dnvm\;C:\Program Files\Java\jdk1.8.0_131;C:\Program Files\Intel\WiFi\bin\;C:\Program Files\Common Files\Intel\WirelessCommon\;D:\Emacs\emacs\bin;C:\Users\kamadayuji\AppData\Local\atom\bin;C:\Users\kamadayuji\AppData\Local\Microsoft\WindowsApps;C:\Program Files\Python36;C:\Program Files\Python36\Scripts;C:\dev\opencv-3.1.0\build\x64\vc14\bin
USERNAME=kamadayuji
OS=Windows_NT
PROCESSOR_IDENTIFIER=Intel64 Family 6 Model 42 Stepping 7, GenuineIntel



---------------  S Y S T E M  ---------------

OS: Windows 10.0 , 64 bit Build 14393 (10.0.14393.1198)

CPU:total 8 (4 cores per cpu, 2 threads per core) family 6 model 42 stepping 7, cmov, cx8, fxsr, mmx, sse, sse2, sse3, ssse3, sse4.1, sse4.2, popcnt, avx, aes, clmul, ht, tsc, tscinvbit

Memory: 4k page, physical 8296728k(1051680k free), swap 10250520k(2260k free)

vm_info: OpenJDK 64-Bit Server VM (25.112-b06) for windows-amd64 JRE (1.8.0_112-release-b06), built on Dec  8 2016 00:54:26 by "builder" with MS VC++ 10.0 (VS2010)

time: Wed Aug 09 22:53:18 2017
elapsed time: 1202 seconds (0d 0h 20m 2s)

